<?xml version="1.0" encoding="UTF-8"?>
<testng-results ignored="0" total="1" passed="1" failed="0" skipped="0">
  <reporter-output>
  </reporter-output>
  <suite started-at="2023-03-23T21:29:12 IST" name="Suite" finished-at="2023-03-23T21:29:24 IST" duration-ms="12027">
    <groups>
    </groups>
    <test started-at="2023-03-23T21:29:12 IST" name="chrome" finished-at="2023-03-23T21:29:24 IST" duration-ms="12027">
      <class name="TestPackage.TestHome">
        <test-method is-config="true" signature="beforeTest(java.lang.String)[pri:0, instance:TestPackage.TestHome@1e800aaa]" started-at="2023-03-23T21:29:12 IST" name="beforeTest" finished-at="2023-03-23T21:29:19 IST" duration-ms="7117" status="PASS">
          <params>
            <param index="0">
              <value>
                <![CDATA[chrome]]>
              </value>
            </param>
          </params>
          <reporter-output>
          </reporter-output>
        </test-method> <!-- beforeTest -->
        <test-method is-config="true" signature="beforeClass()[pri:0, instance:TestPackage.TestHome@1e800aaa]" started-at="2023-03-23T21:29:19 IST" name="beforeClass" finished-at="2023-03-23T21:29:20 IST" duration-ms="5" status="PASS">
          <reporter-output>
          </reporter-output>
        </test-method> <!-- beforeClass -->
        <test-method is-config="true" signature="beforeMethod()[pri:0, instance:TestPackage.TestHome@1e800aaa]" started-at="2023-03-23T21:29:20 IST" name="beforeMethod" finished-at="2023-03-23T21:29:20 IST" duration-ms="3" status="PASS">
          <reporter-output>
          </reporter-output>
        </test-method> <!-- beforeMethod -->
        <test-method signature="onetest2()[pri:0, instance:TestPackage.TestHome@1e800aaa]" started-at="2023-03-23T21:29:20 IST" name="onetest2" finished-at="2023-03-23T21:29:24 IST" duration-ms="4749" status="PASS">
          <reporter-output>
          </reporter-output>
        </test-method> <!-- onetest2 -->
        <test-method is-config="true" signature="afterMethod()[pri:0, instance:TestPackage.TestHome@1e800aaa]" started-at="2023-03-23T21:29:24 IST" name="afterMethod" finished-at="2023-03-23T21:29:24 IST" duration-ms="1" status="PASS">
          <reporter-output>
          </reporter-output>
        </test-method> <!-- afterMethod -->
        <test-method is-config="true" signature="afterClass()[pri:0, instance:TestPackage.TestHome@1e800aaa]" started-at="2023-03-23T21:29:24 IST" name="afterClass" finished-at="2023-03-23T21:29:24 IST" duration-ms="1" status="PASS">
          <reporter-output>
          </reporter-output>
        </test-method> <!-- afterClass -->
        <test-method is-config="true" signature="afterTest()[pri:0, instance:TestPackage.TestHome@1e800aaa]" started-at="2023-03-23T21:29:24 IST" name="afterTest" finished-at="2023-03-23T21:29:24 IST" duration-ms="1" status="PASS">
          <reporter-output>
          </reporter-output>
        </test-method> <!-- afterTest -->
      </class> <!-- TestPackage.TestHome -->
    </test> <!-- chrome -->
  </suite> <!-- Suite -->
</testng-results>
